mode: set
day-14/app/interfaces/bookrepository.go:13.60,15.49 2 1
day-14/app/interfaces/bookrepository.go:18.2,18.19 1 1
day-14/app/interfaces/bookrepository.go:15.49,17.3 1 0
day-14/app/interfaces/bookrepository.go:21.73,22.47 1 1
day-14/app/interfaces/bookrepository.go:25.2,25.18 1 1
day-14/app/interfaces/bookrepository.go:22.47,24.3 1 0
day-14/app/interfaces/bookrepository.go:28.66,30.69 2 1
day-14/app/interfaces/bookrepository.go:33.2,33.18 1 1
day-14/app/interfaces/bookrepository.go:30.69,32.3 1 0
day-14/app/interfaces/bookrepository.go:36.87,38.16 2 1
day-14/app/interfaces/bookrepository.go:42.2,42.22 1 1
day-14/app/interfaces/bookrepository.go:46.2,46.47 1 1
day-14/app/interfaces/bookrepository.go:50.2,50.19 1 1
day-14/app/interfaces/bookrepository.go:38.16,40.3 1 0
day-14/app/interfaces/bookrepository.go:42.22,44.3 1 1
day-14/app/interfaces/bookrepository.go:46.47,48.3 1 0
day-14/app/interfaces/bookrepository.go:53.69,55.16 2 0
day-14/app/interfaces/bookrepository.go:59.2,59.50 1 0
day-14/app/interfaces/bookrepository.go:63.2,63.19 1 0
day-14/app/interfaces/bookrepository.go:55.16,57.3 1 0
day-14/app/interfaces/bookrepository.go:59.50,61.3 1 0
day-14/app/interfaces/usercontroller.go:17.53,23.2 1 1
day-14/app/interfaces/usercontroller.go:25.55,27.16 2 1
day-14/app/interfaces/usercontroller.go:30.2,30.55 1 1
day-14/app/interfaces/usercontroller.go:27.16,29.3 1 0
day-14/app/interfaces/usercontroller.go:33.55,35.38 2 1
day-14/app/interfaces/usercontroller.go:39.2,40.16 2 1
day-14/app/interfaces/usercontroller.go:44.2,44.54 1 1
day-14/app/interfaces/usercontroller.go:35.38,37.3 1 0
day-14/app/interfaces/usercontroller.go:40.16,42.3 1 0
day-14/app/interfaces/usercontroller.go:47.54,53.16 3 1
day-14/app/interfaces/usercontroller.go:57.2,58.16 2 1
day-14/app/interfaces/usercontroller.go:62.2,62.54 1 1
day-14/app/interfaces/usercontroller.go:53.16,55.3 1 0
day-14/app/interfaces/usercontroller.go:58.16,60.3 1 0
day-14/app/interfaces/usercontroller.go:65.54,73.16 3 1
day-14/app/interfaces/usercontroller.go:77.2,77.37 1 1
day-14/app/interfaces/usercontroller.go:81.2,82.16 2 1
day-14/app/interfaces/usercontroller.go:86.2,86.54 1 1
day-14/app/interfaces/usercontroller.go:73.16,75.3 1 0
day-14/app/interfaces/usercontroller.go:77.37,79.3 1 0
day-14/app/interfaces/usercontroller.go:82.16,84.3 1 0
day-14/app/interfaces/usercontroller.go:89.57,96.16 3 0
day-14/app/interfaces/usercontroller.go:100.2,101.16 2 0
day-14/app/interfaces/usercontroller.go:105.2,105.54 1 0
day-14/app/interfaces/usercontroller.go:96.16,98.3 1 0
day-14/app/interfaces/usercontroller.go:101.16,103.3 1 0
day-14/app/interfaces/userrepository.go:13.60,15.49 2 1
day-14/app/interfaces/userrepository.go:18.2,18.19 1 1
day-14/app/interfaces/userrepository.go:15.49,17.3 1 0
day-14/app/interfaces/userrepository.go:21.73,22.47 1 1
day-14/app/interfaces/userrepository.go:25.2,25.18 1 1
day-14/app/interfaces/userrepository.go:22.47,24.3 1 0
day-14/app/interfaces/userrepository.go:28.66,30.69 2 1
day-14/app/interfaces/userrepository.go:33.2,33.18 1 1
day-14/app/interfaces/userrepository.go:30.69,32.3 1 0
day-14/app/interfaces/userrepository.go:36.87,38.16 2 1
day-14/app/interfaces/userrepository.go:42.2,42.22 1 1
day-14/app/interfaces/userrepository.go:45.2,45.25 1 1
day-14/app/interfaces/userrepository.go:49.2,49.47 1 1
day-14/app/interfaces/userrepository.go:53.2,53.19 1 1
day-14/app/interfaces/userrepository.go:38.16,40.3 1 0
day-14/app/interfaces/userrepository.go:42.22,44.3 1 1
day-14/app/interfaces/userrepository.go:45.25,47.3 1 1
day-14/app/interfaces/userrepository.go:49.47,51.3 1 0
day-14/app/interfaces/userrepository.go:56.69,58.16 2 0
day-14/app/interfaces/userrepository.go:62.2,62.50 1 0
day-14/app/interfaces/userrepository.go:66.2,66.19 1 0
day-14/app/interfaces/userrepository.go:58.16,60.3 1 0
day-14/app/interfaces/userrepository.go:62.50,64.3 1 0
day-14/app/interfaces/userrepository.go:69.95,71.107 2 1
day-14/app/interfaces/userrepository.go:74.2,74.18 1 1
day-14/app/interfaces/userrepository.go:71.107,73.3 1 0
day-14/app/interfaces/authcontroller.go:21.126,24.2 1 0
day-14/app/interfaces/authcontroller.go:26.88,37.2 3 0
day-14/app/interfaces/authcontroller.go:39.78,42.38 2 0
day-14/app/interfaces/authcontroller.go:46.2,46.41 1 0
day-14/app/interfaces/authcontroller.go:50.2,51.16 2 0
day-14/app/interfaces/authcontroller.go:55.2,56.16 2 0
day-14/app/interfaces/authcontroller.go:59.2,59.55 1 0
day-14/app/interfaces/authcontroller.go:42.38,44.3 1 0
day-14/app/interfaces/authcontroller.go:46.41,48.3 1 0
day-14/app/interfaces/authcontroller.go:51.16,53.3 1 0
day-14/app/interfaces/authcontroller.go:56.16,58.3 1 0
day-14/app/interfaces/bookcontroller.go:17.53,23.2 1 1
day-14/app/interfaces/bookcontroller.go:25.55,27.16 2 1
day-14/app/interfaces/bookcontroller.go:30.2,30.55 1 1
day-14/app/interfaces/bookcontroller.go:27.16,29.3 1 0
day-14/app/interfaces/bookcontroller.go:33.55,35.38 2 1
day-14/app/interfaces/bookcontroller.go:39.2,40.16 2 1
day-14/app/interfaces/bookcontroller.go:44.2,44.54 1 1
day-14/app/interfaces/bookcontroller.go:35.38,37.3 1 0
day-14/app/interfaces/bookcontroller.go:40.16,42.3 1 0
day-14/app/interfaces/bookcontroller.go:47.54,53.16 3 1
day-14/app/interfaces/bookcontroller.go:57.2,58.16 2 1
day-14/app/interfaces/bookcontroller.go:62.2,62.54 1 1
day-14/app/interfaces/bookcontroller.go:53.16,55.3 1 0
day-14/app/interfaces/bookcontroller.go:58.16,60.3 1 0
day-14/app/interfaces/bookcontroller.go:65.54,73.16 3 1
day-14/app/interfaces/bookcontroller.go:77.2,77.37 1 1
day-14/app/interfaces/bookcontroller.go:81.2,82.16 2 1
day-14/app/interfaces/bookcontroller.go:86.2,86.54 1 1
day-14/app/interfaces/bookcontroller.go:73.16,75.3 1 0
day-14/app/interfaces/bookcontroller.go:77.37,79.3 1 0
day-14/app/interfaces/bookcontroller.go:82.16,84.3 1 0
day-14/app/interfaces/bookcontroller.go:89.57,96.16 3 0
day-14/app/interfaces/bookcontroller.go:100.2,101.16 2 0
day-14/app/interfaces/bookcontroller.go:105.2,105.54 1 0
day-14/app/interfaces/bookcontroller.go:96.16,98.3 1 0
day-14/app/interfaces/bookcontroller.go:101.16,103.3 1 0
